\BOOKMARK [1][-]{section.1}{Introduction}{}% 1
\BOOKMARK [2][-]{subsection.1.1}{SFT framework}{section.1}% 2
\BOOKMARK [2][-]{subsection.1.2}{What is new in MPSFT}{section.1}% 3
\BOOKMARK [1][-]{section.2}{SFT framework}{}% 4
\BOOKMARK [2][-]{subsection.2.1}{Random transformation for mode isolation and denoising}{section.2}% 5
\BOOKMARK [2][-]{subsection.2.2}{Binning performed in time domain}{section.2}% 6
\BOOKMARK [2][-]{subsection.2.3}{Binning performed in frequency domain}{section.2}% 7
\BOOKMARK [2][-]{subsection.2.4}{Minimum number of bins for denoising}{section.2}% 8
\BOOKMARK [2][-]{subsection.2.5}{Translating by \040for mode identification}{section.2}% 9
\BOOKMARK [2][-]{subsection.2.6}{Mode identification}{section.2}% 10
\BOOKMARK [1][-]{section.3}{MPSFT}{}% 11
\BOOKMARK [2][-]{subsection.3.1}{Matrix pencil method}{section.3}% 12
\BOOKMARK [2][-]{subsection.3.2}{Exploiting symmetry to halve number of trigonometric operations}{section.3}% 13
\BOOKMARK [3][-]{subsubsection.3.2.1}{Binning in frequency domain}{subsection.3.2}% 14
\BOOKMARK [3][-]{subsubsection.3.2.2}{Binning in time domain}{subsection.3.2}% 15
\BOOKMARK [2][-]{subsection.3.3}{SIMD vectorization}{section.3}% 16
\BOOKMARK [1][-]{section.4}{Benchmarks}{}% 17
\BOOKMARK [2][-]{subsection.4.1}{Setup details}{section.4}% 18
\BOOKMARK [2][-]{subsection.4.2}{Experiment: Fix N, vary S}{section.4}% 19
\BOOKMARK [2][-]{subsection.4.3}{Experiment: Fix N, vary S}{section.4}% 20
\BOOKMARK [2][-]{subsection.4.4}{Experiment: Vary amount of noise}{section.4}% 21
\BOOKMARK [2][-]{subsection.4.5}{Benchmarking binning}{section.4}% 22
